In file included from [01m[K/home/su1jun/Capstone/ros2_ws/src/diffdrive_arduino/src/diffdrive_arduino.cpp:1[m[K:
[01m[K/home/su1jun/Capstone/ros2_ws/src/diffdrive_arduino/include/diffdrive_arduino/diffdrive_arduino.h:7:10:[m[K [01;31m[Kfatal error: [m[Khardware_interface/base_interface.hpp: 그런 파일이나 디렉터리가 없습니다
    7 | #include [01;31m[K"hardware_interface/base_interface.hpp"[m[K
      |          [01;31m[K^~~~~~~~~~~~~~~~~~~~~~~~~~~~~~~~~~~~~~~[m[K
compilation terminated.
In file included from [01m[K/home/su1jun/Capstone/ros2_ws/src/diffdrive_arduino/src/fake_robot.cpp:1[m[K:
[01m[K/home/su1jun/Capstone/ros2_ws/src/diffdrive_arduino/include/diffdrive_arduino/fake_robot.h:7:10:[m[K [01;31m[Kfatal error: [m[Khardware_interface/base_interface.hpp: 그런 파일이나 디렉터리가 없습니다
    7 | #include [01;31m[K"hardware_interface/base_interface.hpp"[m[K
      |          [01;31m[K^~~~~~~~~~~~~~~~~~~~~~~~~~~~~~~~~~~~~~~[m[K
compilation terminated.
gmake[2]: *** [CMakeFiles/fake_robot.dir/build.make:76: CMakeFiles/fake_robot.dir/src/fake_robot.cpp.o] 오류 1
gmake[2]: *** 끝나지 않은 작업을 기다리고 있습니다....
gmake[2]: *** [CMakeFiles/diffdrive_arduino.dir/build.make:76: CMakeFiles/diffdrive_arduino.dir/src/diffdrive_arduino.cpp.o] 오류 1
gmake[2]: *** 끝나지 않은 작업을 기다리고 있습니다....
gmake[1]: *** [CMakeFiles/Makefile2:165: CMakeFiles/fake_robot.dir/all] 오류 2
gmake[1]: *** 끝나지 않은 작업을 기다리고 있습니다....
gmake[1]: *** [CMakeFiles/Makefile2:139: CMakeFiles/diffdrive_arduino.dir/all] 오류 2
gmake: *** [Makefile:146: all] 오류 2
