<?xml version="1.0" encoding="UTF-8"?>
<Site BuildName="(empty)"
	BuildStamp="20240318-1105-Experimental"
	Name="su1jun-Ubuntu"
	Generator="ctest-3.22.1"
	CompilerName="/usr/bin/g++"
	CompilerVersion="11.4.0"
	OSName="Linux"
	Hostname="su1jun-Ubuntu"
	OSRelease="6.5.0-25-generic"
	OSVersion="#25~22.04.1-Ubuntu SMP PREEMPT_DYNAMIC Tue Feb 20 16:09:15 UTC 2"
	OSPlatform="x86_64"
	Is64Bits="1"
	VendorString="GenuineIntel"
	VendorID="Intel Corporation"
	FamilyID="6"
	ModelID="183"
	ProcessorCacheSize="24576"
	NumberOfLogicalCPU="20"
	NumberOfPhysicalCPU="14"
	TotalVirtualMemory="0"
	TotalPhysicalMemory="64061"
	LogicalProcessorsPerPhysical="1"
	ProcessorClockFrequency="5288.01"
	>
	<Testing>
		<StartDateTime>Mar 18 20:05 KST</StartDateTime>
		<StartTestTime>1710759916</StartTestTime>
		<TestList/>
		<EndDateTime>Mar 18 20:05 KST</EndDateTime>
		<EndTestTime>1710759916</EndTestTime>
		<ElapsedMinutes>0</ElapsedMinutes>
	</Testing>
</Site>
